android/app/build/intermediates/manifest_merge_blame_file/debug/manifest-merger-blame-debug-report.txt
1<?xml version="1.0" encoding="utf-8"?>
2<manifest xmlns:android="http://schemas.android.com/apk/res/android"
3    package="com.enforce"
4    android:versionCode="1"
5    android:versionName="1.0" >
6
7    <uses-sdk
8        android:minSdkVersion="21"
9        android:targetSdkVersion="33" />
10
11    <uses-permission android:name="android.permission.SYSTEM_ALERT_WINDOW" />
11-->src\debug\AndroidManifest.xml:5:5-77
11-->src\debug\AndroidManifest.xml:5:22-75
12    <uses-permission android:name="android.permission.INTERNET" />
12-->src\main\AndroidManifest.xml:4:5-67
12-->src\main\AndroidManifest.xml:4:22-64
13    <uses-permission android:name="android.permission.CAMERA" />
13-->src\main\AndroidManifest.xml:5:5-65
13-->src\main\AndroidManifest.xml:5:22-62
14    <uses-permission android:name="android.permission.ACCESS_FINE_LOCATION" />
14-->src\main\AndroidManifest.xml:6:5-78
14-->src\main\AndroidManifest.xml:6:22-76
15    <uses-permission android:name="android.permission.ACCESS_BACKGROUND_LOCATION" />
15-->src\main\AndroidManifest.xml:7:5-85
15-->src\main\AndroidManifest.xml:7:22-82
16    <uses-permission android:name="android.permission.ACCESS_COARSE_LOCATION" />
16-->src\main\AndroidManifest.xml:8:5-81
16-->src\main\AndroidManifest.xml:8:22-78
17    <uses-permission android:name="android.permission.FOREGROUND_SERVICE" />
17-->src\main\AndroidManifest.xml:9:5-76
17-->src\main\AndroidManifest.xml:9:22-74
18    <uses-permission android:name="android.permission.READ_EXTERNAL_STORAGE" />
18-->src\main\AndroidManifest.xml:10:5-80
18-->src\main\AndroidManifest.xml:10:22-77
19    <uses-permission android:name="android.permission.WRITE_EXTERNAL_STORAGE" />
19-->src\main\AndroidManifest.xml:11:5-81
19-->src\main\AndroidManifest.xml:11:22-78
20    <uses-permission android:name="android.permission.ACCESS_NETWORK_STATE" />
20-->[:react-native-community_netinfo] AndroidManifest.xml:9:5-79
20-->[:react-native-community_netinfo] AndroidManifest.xml:9:22-76
21    <uses-permission android:name="android.permission.ACCESS_WIFI_STATE" />
21-->[:react-native-community_netinfo] AndroidManifest.xml:10:5-76
21-->[:react-native-community_netinfo] AndroidManifest.xml:10:22-73
22    <uses-permission android:name="android.permission.WAKE_LOCK" />
22-->[:react-native-background-timer] AndroidManifest.xml:9:5-68
22-->[:react-native-background-timer] AndroidManifest.xml:9:22-65
23
24    <uses-feature
24-->[:react-native-camera] AndroidManifest.xml:11:5-13:36
25        android:name="android.hardware.camera"
25-->[:react-native-camera] AndroidManifest.xml:12:9-47
26        android:required="false" />
26-->[:react-native-camera] AndroidManifest.xml:13:9-33
27    <uses-feature
27-->[:react-native-camera] AndroidManifest.xml:14:5-16:36
28        android:name="android.hardware.camera.autofocus"
28-->[:react-native-camera] AndroidManifest.xml:15:9-57
29        android:required="false" /> <!-- Required to access Google Play Licensing -->
29-->[:react-native-camera] AndroidManifest.xml:16:9-33
30    <uses-permission android:name="com.android.vending.CHECK_LICENSE" />
30-->[:rn-fetch-blob] AndroidManifest.xml:10:5-73
30-->[:rn-fetch-blob] AndroidManifest.xml:10:22-70
31
32    <uses-feature
32-->[com.google.android.gms:play-services-maps:17.0.0] AndroidManifest.xml:26:5-28:35
33        android:glEsVersion="0x00020000"
33-->[com.google.android.gms:play-services-maps:17.0.0] AndroidManifest.xml:27:9-41
34        android:required="true" /> <!-- Required by older versions of Google Play services to create IID tokens -->
34-->[com.google.android.gms:play-services-maps:17.0.0] AndroidManifest.xml:28:9-32
35    <uses-permission android:name="com.google.android.c2dm.permission.RECEIVE" />
35-->[com.google.firebase:firebase-iid:17.0.3] AndroidManifest.xml:26:5-82
35-->[com.google.firebase:firebase-iid:17.0.3] AndroidManifest.xml:26:22-79
36
37    <application
37-->src\main\AndroidManifest.xml:13:5-45:19
38        android:name="com.enforce.MainApplication"
38-->src\main\AndroidManifest.xml:14:7-38
39        android:allowBackup="false"
39-->src\main\AndroidManifest.xml:17:7-34
40        android:appComponentFactory="androidx.core.app.CoreComponentFactory"
40-->[androidx.core:core:1.2.0] AndroidManifest.xml:24:18-86
41        android:debuggable="true"
42        android:icon="@mipmap/ic_launcher"
42-->src\main\AndroidManifest.xml:16:7-41
43        android:label="@string/app_name"
43-->src\main\AndroidManifest.xml:15:7-39
44        android:theme="@style/AppTheme"
44-->src\main\AndroidManifest.xml:18:7-38
45        android:usesCleartextTraffic="true" > <!-- MainActivity should have android:exported attribute -->
45-->src\debug\AndroidManifest.xml:7:18-53
46        <activity
46-->src\main\AndroidManifest.xml:20:7-31:18
47            android:name="com.enforce.MainActivity"
47-->src\main\AndroidManifest.xml:21:9-37
48            android:configChanges="keyboard|keyboardHidden|orientation|screenSize"
48-->src\main\AndroidManifest.xml:24:9-79
49            android:exported="true"
49-->src\main\AndroidManifest.xml:26:9-32
50            android:label="@string/app_name"
50-->src\main\AndroidManifest.xml:22:9-41
51            android:screenOrientation="portrait"
51-->src\main\AndroidManifest.xml:23:9-45
52            android:windowSoftInputMode="adjustResize" > <!-- Add android:exported here -->
52-->src\main\AndroidManifest.xml:25:9-51
53            <intent-filter>
53-->src\main\AndroidManifest.xml:27:9-30:25
54                <action android:name="android.intent.action.MAIN" />
54-->src\main\AndroidManifest.xml:28:13-65
54-->src\main\AndroidManifest.xml:28:21-62
55
56                <category android:name="android.intent.category.LAUNCHER" />
56-->src\main\AndroidManifest.xml:29:13-73
56-->src\main\AndroidManifest.xml:29:23-70
57            </intent-filter>
58        </activity>
59        <activity android:name="com.facebook.react.devsupport.DevSettingsActivity" /> <!-- Add android:exported to the ForegroundService -->
59-->src\main\AndroidManifest.xml:33:7-84
59-->src\main\AndroidManifest.xml:33:17-81
60        <service
60-->src\main\AndroidManifest.xml:36:7-40:35
61            android:name="com.enforce.ForegroundService"
61-->src\main\AndroidManifest.xml:37:9-42
62            android:enabled="true"
62-->src\main\AndroidManifest.xml:39:9-31
63            android:exported="true"
63-->src\main\AndroidManifest.xml:40:9-32
64            android:foregroundServiceType="location" /> <!-- Add android:exported here -->
64-->src\main\AndroidManifest.xml:38:9-49
65        <meta-data
65-->src\main\AndroidManifest.xml:42:7-44:67
66            android:name="com.google.android.geo.API_KEY"
66-->src\main\AndroidManifest.xml:43:9-54
67            android:value="AIzaSyB07iJHsnvn3LD8bS5zO3zIbizzYqKZJh0" />
67-->src\main\AndroidManifest.xml:44:9-64
68
69        <activity android:name="com.masteratul.exceptionhandler.DefaultErrorScreen" >
69-->[:react-native-exception-handler] AndroidManifest.xml:10:9-11:20
69-->[:react-native-exception-handler] AndroidManifest.xml:10:19-84
70        </activity>
71
72        <provider
72-->[:rn-fetch-blob] AndroidManifest.xml:34:9-42:20
73            android:name="com.RNFetchBlob.Utils.FileProvider"
73-->[:rn-fetch-blob] AndroidManifest.xml:35:13-62
74            android:authorities="com.enforce.provider"
74-->[:rn-fetch-blob] AndroidManifest.xml:36:13-60
75            android:exported="false"
75-->[:rn-fetch-blob] AndroidManifest.xml:37:13-37
76            android:grantUriPermissions="true" >
76-->[:rn-fetch-blob] AndroidManifest.xml:38:13-47
77            <meta-data
77-->[:rn-fetch-blob] AndroidManifest.xml:39:13-41:58
78                android:name="android.support.FILE_PROVIDER_PATHS"
78-->[:rn-fetch-blob] AndroidManifest.xml:40:17-67
79                android:resource="@xml/provider_paths" />
79-->[:rn-fetch-blob] AndroidManifest.xml:41:17-55
80        </provider> <!-- Needs to be explicitly declared on P+ -->
81        <uses-library
81-->[com.google.android.gms:play-services-maps:17.0.0] AndroidManifest.xml:33:9-35:40
82            android:name="org.apache.http.legacy"
82-->[com.google.android.gms:play-services-maps:17.0.0] AndroidManifest.xml:34:13-50
83            android:required="false" />
83-->[com.google.android.gms:play-services-maps:17.0.0] AndroidManifest.xml:35:13-37
84
85        <service
85-->[com.google.firebase:firebase-iid:17.0.3] AndroidManifest.xml:29:9-35:19
86            android:name="com.google.firebase.components.ComponentDiscoveryService"
86-->[com.google.firebase:firebase-iid:17.0.3] AndroidManifest.xml:30:13-84
87            android:exported="false" >
87-->[com.google.firebase:firebase-iid:17.0.3] AndroidManifest.xml:31:13-37
88            <meta-data
88-->[com.google.firebase:firebase-iid:17.0.3] AndroidManifest.xml:32:13-34:85
89                android:name="com.google.firebase.components:com.google.firebase.iid.Registrar"
89-->[com.google.firebase:firebase-iid:17.0.3] AndroidManifest.xml:33:17-96
90                android:value="com.google.firebase.components.ComponentRegistrar" />
90-->[com.google.firebase:firebase-iid:17.0.3] AndroidManifest.xml:34:17-82
91        </service>
92
93        <receiver
93-->[com.google.firebase:firebase-iid:17.0.3] AndroidManifest.xml:37:9-44:20
94            android:name="com.google.firebase.iid.FirebaseInstanceIdReceiver"
94-->[com.google.firebase:firebase-iid:17.0.3] AndroidManifest.xml:38:13-78
95            android:exported="true"
95-->[com.google.firebase:firebase-iid:17.0.3] AndroidManifest.xml:39:13-36
96            android:permission="com.google.android.c2dm.permission.SEND" >
96-->[com.google.firebase:firebase-iid:17.0.3] AndroidManifest.xml:40:13-73
97            <intent-filter>
97-->[com.google.firebase:firebase-iid:17.0.3] AndroidManifest.xml:41:13-43:29
98                <action android:name="com.google.android.c2dm.intent.RECEIVE" />
98-->[com.google.firebase:firebase-iid:17.0.3] AndroidManifest.xml:42:17-81
98-->[com.google.firebase:firebase-iid:17.0.3] AndroidManifest.xml:42:25-78
99            </intent-filter>
100        </receiver>
101        <!--
102             FirebaseInstanceIdService performs security checks at runtime,
103             no need for explicit permissions despite exported="true"
104        -->
105        <service
105-->[com.google.firebase:firebase-iid:17.0.3] AndroidManifest.xml:50:9-56:19
106            android:name="com.google.firebase.iid.FirebaseInstanceIdService"
106-->[com.google.firebase:firebase-iid:17.0.3] AndroidManifest.xml:51:13-77
107            android:exported="true" >
107-->[com.google.firebase:firebase-iid:17.0.3] AndroidManifest.xml:52:13-36
108            <intent-filter android:priority="-500" >
108-->[com.google.firebase:firebase-iid:17.0.3] AndroidManifest.xml:53:13-55:29
108-->[com.google.firebase:firebase-iid:17.0.3] AndroidManifest.xml:53:28-51
109                <action android:name="com.google.firebase.INSTANCE_ID_EVENT" />
109-->[com.google.firebase:firebase-iid:17.0.3] AndroidManifest.xml:54:17-80
109-->[com.google.firebase:firebase-iid:17.0.3] AndroidManifest.xml:54:25-77
110            </intent-filter>
111        </service>
112
113        <activity
113-->[com.google.android.gms:play-services-base:17.5.0] AndroidManifest.xml:23:9-26:75
114            android:name="com.google.android.gms.common.api.GoogleApiActivity"
114-->[com.google.android.gms:play-services-base:17.5.0] AndroidManifest.xml:24:13-79
115            android:exported="false"
115-->[com.google.android.gms:play-services-base:17.5.0] AndroidManifest.xml:25:13-37
116            android:theme="@android:style/Theme.Translucent.NoTitleBar" />
116-->[com.google.android.gms:play-services-base:17.5.0] AndroidManifest.xml:26:13-72
117
118        <provider
118-->[com.google.firebase:firebase-common:16.0.3] AndroidManifest.xml:10:9-14:39
119            android:name="com.google.firebase.provider.FirebaseInitProvider"
119-->[com.google.firebase:firebase-common:16.0.3] AndroidManifest.xml:11:13-77
120            android:authorities="com.enforce.firebaseinitprovider"
120-->[com.google.firebase:firebase-common:16.0.3] AndroidManifest.xml:12:13-72
121            android:exported="false"
121-->[com.google.firebase:firebase-common:16.0.3] AndroidManifest.xml:13:13-37
122            android:initOrder="100" />
122-->[com.google.firebase:firebase-common:16.0.3] AndroidManifest.xml:14:13-36
123
124        <meta-data
124-->[com.google.android.gms:play-services-basement:17.5.0] AndroidManifest.xml:23:9-25:69
125            android:name="com.google.android.gms.version"
125-->[com.google.android.gms:play-services-basement:17.5.0] AndroidManifest.xml:24:13-58
126            android:value="@integer/google_play_services_version" />
126-->[com.google.android.gms:play-services-basement:17.5.0] AndroidManifest.xml:25:13-66
127    </application>
128
129</manifest>